Arguments: 
  /data/software/node/node-v18.2.0-linux-x64/bin/node /data/software/node/node/bin/yarn

PATH: 
  /data/software/go/go.path/bin:/data/software/go/go.root/go/bin:/home/me/.pyenv/shims:/home/me/.pyenv/bin:/data/software/node/node/bin:/home/me/bin:/data/software/go/go.path/bin:/data/software/go/go.root/go/bin:/home/me/.pyenv/shims:/home/me/.pyenv/bin:/data/software/node/node/bin:/home/me/bin:/home/me/.cargo/bin:/home/me/.local/bin:/home/me/bin:/usr/local/sbin:/usr/local/bin:/usr/sbin:/usr/bin:/sbin:/bin:/usr/games:/usr/local/games:/snap/bin

Yarn version: 
  1.22.18

Node version: 
  18.2.0

Platform: 
  linux x64

Trace: 
  Error: https://artsz.zte.com.cn/artifactory/api/npm/public-npm-virtual/@rollup%2fplugin-alias: tunneling socket could not be established, statusCode=502
      at ClientRequest.onConnect (/data/software/node/node-v18.2.0-linux-x64/lib/node_modules/yarn/lib/cli.js:152358:19)
      at Object.onceWrapper (node:events:642:26)
      at ClientRequest.emit (node:events:527:28)
      at Socket.socketOnData (node:_http_client:534:11)
      at Socket.emit (node:events:527:28)
      at addChunk (node:internal/streams/readable:324:12)
      at readableAddChunk (node:internal/streams/readable:297:9)
      at Readable.push (node:internal/streams/readable:234:10)
      at TCP.onStreamRead (node:internal/stream_base_commons:190:23)

npm manifest: 
  {
    "name": "imes-frontend",
    "private": true,
    "version": "0.0.1",
    "scripts": {
      "dev": "eslint --ext .ts,.vue src && vite",
      "build": "vite build",
      "preview": "vite preview",
      "lint": "eslint --ext .ts,.vue src && stylelint **/*.vue"
    },
    "engines": {
      "node": ">=15.0.0",
      "npm": ">=7.0.0"
    },
    "dependencies": {
      "@rollup/plugin-alias": "^3.1.9",
      "@types/echarts": "^4.9.15",
      "@types/luxon": "^2.3.2",
      "@types/node": "^17.0.31",
      "echarts": "^5.3.2",
      "luxon": "^2.4.0",
      "pinia": "^2.0.14",
      "vue": "^3.2.31",
      "vue-i18n": "^9.1.10",
      "vue-router": "^4.0.12",
      "vue3-table-lite": "^1.2.0",
      "vuetify": "^3.0.0-beta.3",
      "webfontloader": "^1.0.0"
    },
    "devDependencies": {
      "@mdi/font": "^6.6.96",
      "@typescript-eslint/eslint-plugin": "^5.23.0",
      "@typescript-eslint/parser": "^5.27.0",
      "@vitejs/plugin-vue": "^2.3.1",
      "@vuetify/vite-plugin": "^1.0.0-alpha.0",
      "eslint": "^8.15.0",
      "eslint-config-prettier": "^8.5.0",
      "eslint-plugin-prettier": "^4.0.0",
      "eslint-plugin-vue": "^8.7.1",
      "prettier": "^2.6.2",
      "sass": "^1.49.9",
      "sass-loader": "^10.0.0",
      "typescript": "^4.5.4",
      "vite": "^2.9.7",
      "vite-plugin-html": "^3.2.0",
      "vue-cli-plugin-vuetify": "~2.4.8",
      "vue-tsc": "^0.28.10",
      "vuetify-loader": "^2.0.0-alpha.0"
    }
  }

yarn manifest: 
  No manifest

Lockfile: 
  No lockfile
